2016-01-09 00:57:51.209 xcodebuild[75014:8974807] [MT] PluginLoading: Required plug-in compatibility UUID F41BD31E-2683-44B8-AE7F-5F09E919790E for plug-in at path '~/Library/Application Support/Developer/Shared/Xcode/Plug-ins/XVim.xcplugin' not present in DVTPlugInCompatibilityUUIDs
2016-01-09 00:57:51.210 xcodebuild[75014:8974807] Failed to load plugin at: /Users/z/Library/Application Support/Developer/Shared/Xcode/Plug-ins/XVim.xcplugin, skipping.  Reason for failure: *** -[__NSPlaceholderDictionary initWithObjects:forKeys:count:]: attempt to insert nil object from objects[0]
2016-01-09 00:57:51.211 xcodebuild[75014:8974807] There was an error parsing the Info.plist for the bundle at URL Contents/Info.plist -- file:///Users/z/Library/Application%20Support/Developer/Shared/Xcode/Plug-ins/Unity4XC.xcplugin/
 The data couldn’t be read because it isn’t in the correct format.
 <CFBasicHash 0x7ff023b05580 [0x7fff7b62ced0]>{type = immutable dict, count = 1,
entries =>
	0 : <CFString 0x7fff7b5f7660 [0x7fff7b62ced0]>{contents = "NSDebugDescription"} = <CFString 0x7ff023b055e0 [0x7fff7b62ced0]>{contents = "Cannot parse a NULL or zero-length data"}
}
2016-01-09 00:57:51.212 xcodebuild[75014:8974807] [MT] PluginLoading: Required plug-in compatibility UUID F41BD31E-2683-44B8-AE7F-5F09E919790E for plug-in at path '~/Library/Application Support/Developer/Shared/Xcode/Plug-ins/Unity4XC.xcplugin' not present in DVTPlugInCompatibilityUUIDs
2016-01-09 00:57:51.212 xcodebuild[75014:8974807] Failed to load plugin at: /Users/z/Library/Application Support/Developer/Shared/Xcode/Plug-ins/Unity4XC.xcplugin, skipping.  Reason for failure: *** -[__NSPlaceholderDictionary initWithObjects:forKeys:count:]: attempt to insert nil object from objects[0]
In file included from ../src/bufferutil.cc:15:
/Users/z/work/eval/eval06/react-weather/node_modules/nan/nan.h:213:5: error: no member named 'ThrowException' in namespace 'v8'
    _NAN_THROW_ERROR(v8::Exception::Error, errmsg);
    ^~~~~~~~~~~~~~~~~~~~~~~~~~~~~~~~~~~~~~~~~~~~~~
/Users/z/work/eval/eval06/react-weather/node_modules/nan/nan.h:209:11: note: expanded from macro '_NAN_THROW_ERROR'
      v8::ThrowException(fun(v8::String::New(errmsg)));                        \
      ~~~~^
/Users/z/work/eval/eval06/react-weather/node_modules/nan/nan.h:213:5: error: no member named 'New' in 'v8::String'
    _NAN_THROW_ERROR(v8::Exception::Error, errmsg);
    ^~~~~~~~~~~~~~~~~~~~~~~~~~~~~~~~~~~~~~~~~~~~~~
/Users/z/work/eval/eval06/react-weather/node_modules/nan/nan.h:209:42: note: expanded from macro '_NAN_THROW_ERROR'
      v8::ThrowException(fun(v8::String::New(errmsg)));                        \
                             ~~~~~~~~~~~~^
/Users/z/work/eval/eval06/react-weather/node_modules/nan/nan.h:218:9: error: no type named 'ThrowException' in namespace 'v8'
    v8::ThrowException(error);
    ~~~~^
/Users/z/work/eval/eval06/react-weather/node_modules/nan/nan.h:222:53: error: no member named 'New' in 'v8::String'; did you mean 'v8::TypeSwitch::New'?
    v8::Local<v8::Value> err = v8::Exception::Error(v8::String::New(msg));
                                                    ^~~~~~~~~~~~~~~
                                                    v8::TypeSwitch::New
/Users/z/.node-gyp/5.2.0/include/node/v8.h:4704:28: note: 'v8::TypeSwitch::New' declared here
  static Local<TypeSwitch> New(Local<FunctionTemplate> type);
                           ^
In file included from ../src/bufferutil.cc:15:
/Users/z/work/eval/eval06/react-weather/node_modules/nan/nan.h:222:69: error: calling a private constructor of class 'v8::Local<v8::FunctionTemplate>'
    v8::Local<v8::Value> err = v8::Exception::Error(v8::String::New(msg));
                                                                    ^
/Users/z/.node-gyp/5.2.0/include/node/v8.h:326:13: note: declared private here
  V8_INLINE Local(S* that)
            ^
In file included from ../src/bufferutil.cc:15:
/Users/z/work/eval/eval06/react-weather/node_modules/nan/nan.h:224:65: error: too few arguments to function call, expected 2, have 1
    obj->Set(v8::String::New("code"), v8::Int32::New(errorNumber));
                                      ~~~~~~~~~~~~~~            ^
/Users/z/.node-gyp/5.2.0/include/node/v8.h:2496:3: note: 'New' declared here
  static Local<Integer> New(Isolate* isolate, int32_t value);
  ^
In file included from ../src/bufferutil.cc:15:
/Users/z/work/eval/eval06/react-weather/node_modules/nan/nan.h:224:26: error: no member named 'New' in 'v8::String'
    obj->Set(v8::String::New("code"), v8::Int32::New(errorNumber));
             ~~~~~~~~~~~~^
/Users/z/work/eval/eval06/react-weather/node_modules/nan/nan.h:229:5: error: no member named 'ThrowException' in namespace 'v8'
    _NAN_THROW_ERROR(v8::Exception::TypeError, errmsg);
    ^~~~~~~~~~~~~~~~~~~~~~~~~~~~~~~~~~~~~~~~~~~~~~~~~~
/Users/z/work/eval/eval06/react-weather/node_modules/nan/nan.h:209:11: note: expanded from macro '_NAN_THROW_ERROR'
      v8::ThrowException(fun(v8::String::New(errmsg)));                        \
      ~~~~^
/Users/z/work/eval/eval06/react-weather/node_modules/nan/nan.h:229:5: error: no member named 'New' in 'v8::String'
    _NAN_THROW_ERROR(v8::Exception::TypeError, errmsg);
    ^~~~~~~~~~~~~~~~~~~~~~~~~~~~~~~~~~~~~~~~~~~~~~~~~~
/Users/z/work/eval/eval06/react-weather/node_modules/nan/nan.h:209:42: note: expanded from macro '_NAN_THROW_ERROR'
      v8::ThrowException(fun(v8::String::New(errmsg)));                        \
                             ~~~~~~~~~~~~^
/Users/z/work/eval/eval06/react-weather/node_modules/nan/nan.h:233:5: error: no member named 'ThrowException' in namespace 'v8'
    _NAN_THROW_ERROR(v8::Exception::RangeError, errmsg);
    ^~~~~~~~~~~~~~~~~~~~~~~~~~~~~~~~~~~~~~~~~~~~~~~~~~~
/Users/z/work/eval/eval06/react-weather/node_modules/nan/nan.h:209:11: note: expanded from macro '_NAN_THROW_ERROR'
      v8::ThrowException(fun(v8::String::New(errmsg)));                        \
      ~~~~^
/Users/z/work/eval/eval06/react-weather/node_modules/nan/nan.h:233:5: error: no member named 'New' in 'v8::String'
    _NAN_THROW_ERROR(v8::Exception::RangeError, errmsg);
    ^~~~~~~~~~~~~~~~~~~~~~~~~~~~~~~~~~~~~~~~~~~~~~~~~~~
/Users/z/work/eval/eval06/react-weather/node_modules/nan/nan.h:209:42: note: expanded from macro '_NAN_THROW_ERROR'
      v8::ThrowException(fun(v8::String::New(errmsg)));                        \
                             ~~~~~~~~~~~~^
/Users/z/work/eval/eval06/react-weather/node_modules/nan/nan.h:244:13: error: no member named 'smalloc' in namespace 'node'
      node::smalloc::FreeCallback callback,
      ~~~~~~^
/Users/z/work/eval/eval06/react-weather/node_modules/nan/nan.h:251:12: error: no matching function for call to 'New'
    return node::Buffer::New(data, size);
           ^~~~~~~~~~~~~~~~~
/Users/z/.node-gyp/5.2.0/include/node/node_buffer.h:28:40: note: candidate function not viable: no known conversion from 'char *' to 'v8::Isolate *' for 1st argument
NODE_EXTERN v8::MaybeLocal<v8::Object> New(v8::Isolate* isolate, size_t length);
                                       ^
/Users/z/.node-gyp/5.2.0/include/node/node_buffer.h:31:40: note: candidate function not viable: no known conversion from 'char *' to 'v8::Isolate *' for 1st argument
NODE_EXTERN v8::MaybeLocal<v8::Object> New(v8::Isolate* isolate,
                                       ^
/Users/z/.node-gyp/5.2.0/include/node/node_buffer.h:43:40: note: candidate function not viable: requires 3 arguments, but 2 were provided
NODE_EXTERN v8::MaybeLocal<v8::Object> New(v8::Isolate* isolate,
                                       ^
/Users/z/.node-gyp/5.2.0/include/node/node_buffer.h:36:40: note: candidate function not viable: requires 5 arguments, but 2 were provided
NODE_EXTERN v8::MaybeLocal<v8::Object> New(v8::Isolate* isolate,
                                       ^
In file included from ../src/bufferutil.cc:15:
/Users/z/work/eval/eval06/react-weather/node_modules/nan/nan.h:255:12: error: no matching function for call to 'New'
    return node::Buffer::New(size);
           ^~~~~~~~~~~~~~~~~
/Users/z/.node-gyp/5.2.0/include/node/node_buffer.h:28:40: note: candidate function not viable: requires 2 arguments, but 1 was provided
NODE_EXTERN v8::MaybeLocal<v8::Object> New(v8::Isolate* isolate, size_t length);
                                       ^
/Users/z/.node-gyp/5.2.0/include/node/node_buffer.h:31:40: note: candidate function not viable: requires at least 2 arguments, but 1 was provided
NODE_EXTERN v8::MaybeLocal<v8::Object> New(v8::Isolate* isolate,
                                       ^
/Users/z/.node-gyp/5.2.0/include/node/node_buffer.h:43:40: note: candidate function not viable: requires 3 arguments, but 1 was provided
NODE_EXTERN v8::MaybeLocal<v8::Object> New(v8::Isolate* isolate,
                                       ^
/Users/z/.node-gyp/5.2.0/include/node/node_buffer.h:36:40: note: candidate function not viable: requires 5 arguments, but 1 was provided
NODE_EXTERN v8::MaybeLocal<v8::Object> New(v8::Isolate* isolate,
                                       ^
In file included from ../src/bufferutil.cc:15:
/Users/z/work/eval/eval06/react-weather/node_modules/nan/nan.h:259:26: error: no member named 'Use' in namespace 'node::Buffer'
    return node::Buffer::Use(data, size);
           ~~~~~~~~~~~~~~^
/Users/z/work/eval/eval06/react-weather/node_modules/nan/nan.h:450:49: error: too few arguments to function call, single argument 'isolate' was not specified
    v8::Local<v8::Object> obj = v8::Object::New();
                                ~~~~~~~~~~~~~~~ ^
/Users/z/.node-gyp/5.2.0/include/node/v8.h:2930:3: note: 'New' declared here
  static Local<Object> New(Isolate* isolate);
  ^
In file included from ../src/bufferutil.cc:15:
/Users/z/work/eval/eval06/react-weather/node_modules/nan/nan.h:451:14: error: no member named 'NewSymbol' in 'v8::String'
    obj->Set(NanSymbol("callback"), fn);
             ^~~~~~~~~~~~~~~~~~~~~
/Users/z/work/eval/eval06/react-weather/node_modules/nan/nan.h:103:38: note: expanded from macro 'NanSymbol'
#define NanSymbol(value) v8::String::NewSymbol(value)
                         ~~~~~~~~~~~~^
/Users/z/work/eval/eval06/react-weather/node_modules/nan/nan.h:457:12: error: no member named 'Dispose' in 'v8::Persistent<v8::Object, v8::NonCopyablePersistentTraits<v8::Object> >'
    handle.Dispose();
    ~~~~~~ ^
/Users/z/work/eval/eval06/react-weather/node_modules/nan/nan.h:458:12: error: no member named 'Clear' in 'v8::Persistent<v8::Object, v8::NonCopyablePersistentTraits<v8::Object> >'
    handle.Clear();
    ~~~~~~ ^
fatal error: too many errors emitted, stopping now [-ferror-limit=]
20 errors generated.
make: *** [Release/obj.target/bufferutil/src/bufferutil.o] Error 1
gyp ERR! build error 
gyp ERR! stack Error: `make` failed with exit code: 2
gyp ERR! stack     at ChildProcess.onExit (/Users/z/.nvm/versions/node/v5.2.0/lib/node_modules/npm/node_modules/node-gyp/lib/build.js:270:23)
gyp ERR! stack     at emitTwo (events.js:88:13)
gyp ERR! stack     at ChildProcess.emit (events.js:173:7)
gyp ERR! stack     at Process.ChildProcess._handle.onexit (internal/child_process.js:201:12)
gyp ERR! System Darwin 14.5.0
gyp ERR! command "/Users/z/.nvm/versions/node/v5.2.0/bin/node" "/Users/z/.nvm/versions/node/v5.2.0/lib/node_modules/npm/node_modules/node-gyp/bin/node-gyp.js" "rebuild"
gyp ERR! cwd /Users/z/work/eval/eval06/react-weather/node_modules/ws
gyp ERR! node -v v5.2.0
gyp ERR! node-gyp -v v3.0.3
gyp ERR! not ok 
